[debug] [2020-11-17T16:46:48.258Z] ----------------------------------------------------------------------
[debug] [2020-11-17T16:46:48.261Z] Command:       C:\Program Files\nodejs\node.exe C:\Users\USER\AppData\Roaming\npm\node_modules\firebase-tools\lib\bin\firebase.js init
[debug] [2020-11-17T16:46:48.261Z] CLI Version:   8.16.2
[debug] [2020-11-17T16:46:48.261Z] Platform:      win32
[debug] [2020-11-17T16:46:48.261Z] Node Version:  v12.18.2
[debug] [2020-11-17T16:46:48.262Z] Time:          Tue Nov 17 2020 22:46:48 GMT+0600 (Bangladesh Standard Time)
[debug] [2020-11-17T16:46:48.262Z] ----------------------------------------------------------------------
[debug] [2020-11-17T16:46:48.262Z] 
[debug] [2020-11-17T16:46:48.269Z] > command requires scopes: ["email","openid","https://www.googleapis.com/auth/cloudplatformprojects.readonly","https://www.googleapis.com/auth/firebase","https://www.googleapis.com/auth/cloud-platform"]
[debug] [2020-11-17T16:46:48.269Z] > authorizing via signed-in user
[info] 
     ######## #### ########  ######## ########     ###     ######  ########
     ##        ##  ##     ## ##       ##     ##  ##   ##  ##       ##
     ######    ##  ########  ######   ########  #########  ######  ######
     ##        ##  ##    ##  ##       ##     ## ##     ##       ## ##
     ##       #### ##     ## ######## ########  ##     ##  ######  ########

You're about to initialize a Firebase project in this directory:

  E:\web development\Scic\Team\apartment

Before we get started, keep in mind:

  * You are initializing in an existing Firebase project directory

